[INFO ] 2019-05-08T12:25:02,328Z [main] Main.main - CommandLine Args: -Xmx200m -XX:+UseG1GC -agentlib:jdwp=transport=dt_socket,server=y,suspend=n,address=5009 -javaagent:drivers/jolokia-jvm-1.3.7-agent.jar=port=7009,logHandlerClass=net.corda.webserver.JolokiaSlf4Adapter -javaagent:/home/naresharigela/.capsule/apps/net.corda.webserver.WebServer_3.1-corda/quasar-core-0.7.9-jdk8.jar -Dvisualvm.display.name=Corda -Djava.library.path=/usr/java/packages/lib/amd64:/usr/lib64:/lib64:/lib:/usr/lib:/home/naresharigela/.capsule/apps/net.corda.webserver.WebServer_3.1-corda -Dcapsule.app=net.corda.webserver.WebServer_3.1-corda -Dname=PartyB-corda-webserver.jar -DWebserver -Dcapsule.dir=/home/naresharigela/.capsule/apps/net.corda.webserver.WebServer_3.1-corda -Dcapsule.jar=/home/naresharigela/Naresh/Corda/Projects/CorporateAction/cordapp-bill-of-lading-master/kotlin-source/build/nodes/PartyB/corda-webserver.jar {}
[INFO ] 2019-05-08T12:25:03,178Z [main] Main.main - Application Args:  {}
[INFO ] 2019-05-08T12:25:03,178Z [main] Main.main - bootclasspath: /usr/lib/jvm/java-8-oracle/jre/lib/resources.jar:/usr/lib/jvm/java-8-oracle/jre/lib/rt.jar:/usr/lib/jvm/java-8-oracle/jre/lib/sunrsasign.jar:/usr/lib/jvm/java-8-oracle/jre/lib/jsse.jar:/usr/lib/jvm/java-8-oracle/jre/lib/jce.jar:/usr/lib/jvm/java-8-oracle/jre/lib/charsets.jar:/usr/lib/jvm/java-8-oracle/jre/lib/jfr.jar:/usr/lib/jvm/java-8-oracle/jre/classes {}
[INFO ] 2019-05-08T12:25:03,207Z [main] Main.main - classpath: /home/naresharigela/Naresh/Corda/Projects/CorporateAction/cordapp-bill-of-lading-master/kotlin-source/build/nodes/PartyB/corda-webserver.jar:/home/naresharigela/.capsule/apps/net.corda.webserver.WebServer_3.1-corda/corda-rpc-3.1-corda.jar:/home/naresharigela/.capsule/apps/net.corda.webserver.WebServer_3.1-corda/corda-jackson-3.1-corda.jar:/home/naresharigela/.capsule/apps/net.corda.webserver.WebServer_3.1-corda/corda-node-api-3.1-corda.jar:/home/naresharigela/.capsule/apps/net.corda.webserver.WebServer_3.1-corda/corda-core-3.1-corda.jar:/home/naresharigela/.capsule/apps/net.corda.webserver.WebServer_3.1-corda/jetty-webapp-9.4.7.v20170914.jar:/home/naresharigela/.capsule/apps/net.corda.webserver.WebServer_3.1-corda/jetty-servlet-9.4.7.v20170914.jar:/home/naresharigela/.capsule/apps/net.corda.webserver.WebServer_3.1-corda/jersey-container-jetty-http-2.25.jar:/home/naresharigela/.capsule/apps/net.corda.webserver.WebServer_3.1-corda/jetty-security-9.4.7.v20170914.jar:/home/naresharigela/.capsule/apps/net.corda.webserver.WebServer_3.1-corda/jetty-server-9.4.7.v20170914.jar:/home/naresharigela/.capsule/apps/net.corda.webserver.WebServer_3.1-corda/javax.servlet-api-3.1.0.jar:/home/naresharigela/.capsule/apps/net.corda.webserver.WebServer_3.1-corda/commons-fileupload-1.3.3.jar:/home/naresharigela/.capsule/apps/net.corda.webserver.WebServer_3.1-corda/log4j-slf4j-impl-2.9.1.jar:/home/naresharigela/.capsule/apps/net.corda.webserver.WebServer_3.1-corda/log4j-core-2.9.1.jar:/home/naresharigela/.capsule/apps/net.corda.webserver.WebServer_3.1-corda/jopt-simple-5.0.2.jar:/home/naresharigela/.capsule/apps/net.corda.webserver.WebServer_3.1-corda/jetty-continuation-9.4.7.v20170914.jar:/home/naresharigela/.capsule/apps/net.corda.webserver.WebServer_3.1-corda/jersey-container-servlet-core-2.25.jar:/home/naresharigela/.capsule/apps/net.corda.webserver.WebServer_3.1-corda/jersey-server-2.25.jar:/home/naresharigela/.capsule/apps/net.corda.webserver.WebServer_3.1-corda/jersey-media-json-jackson-2.25.jar:/home/naresharigela/.capsule/apps/net.corda.webserver.WebServer_3.1-corda/kotlinx-html-jvm-0.6.3.jar:/home/naresharigela/.capsule/apps/net.corda.webserver.WebServer_3.1-corda/kotlin-stdlib-jre8-1.1.60.jar:/home/naresharigela/.capsule/apps/net.corda.webserver.WebServer_3.1-corda/jackson-module-kotlin-2.9.2.jar:/home/naresharigela/.capsule/apps/net.corda.webserver.WebServer_3.1-corda/kotlin-reflect-1.1.60.jar:/home/naresharigela/.capsule/apps/net.corda.webserver.WebServer_3.1-corda/cordform-common-3.1.0.jar:/home/naresharigela/.capsule/apps/net.corda.webserver.WebServer_3.1-corda/jsr305-3.0.2.jar:/home/naresharigela/.capsule/apps/net.corda.webserver.WebServer_3.1-corda/jcl-over-slf4j-1.7.25.jar:/home/naresharigela/.capsule/apps/net.corda.webserver.WebServer_3.1-corda/slf4j-api-1.7.25.jar:/home/naresharigela/.capsule/apps/net.corda.webserver.WebServer_3.1-corda/rxjava-1.2.4.jar:/home/naresharigela/.capsule/apps/net.corda.webserver.WebServer_3.1-corda/commons-jexl3-3.0.jar:/home/naresharigela/.capsule/apps/net.corda.webserver.WebServer_3.1-corda/jackson-datatype-jsr310-2.9.2.jar:/home/naresharigela/.capsule/apps/net.corda.webserver.WebServer_3.1-corda/jackson-jaxrs-json-provider-2.8.4.jar:/home/naresharigela/.capsule/apps/net.corda.webserver.WebServer_3.1-corda/jackson-jaxrs-base-2.8.4.jar:/home/naresharigela/.capsule/apps/net.corda.webserver.WebServer_3.1-corda/jackson-module-jaxb-annotations-2.8.4.jar:/home/naresharigela/.capsule/apps/net.corda.webserver.WebServer_3.1-corda/jackson-databind-2.9.2.jar:/home/naresharigela/.capsule/apps/net.corda.webserver.WebServer_3.1-corda/eddsa-0.2.0.jar:/home/naresharigela/.capsule/apps/net.corda.webserver.WebServer_3.1-corda/bcpkix-jdk15on-1.57.jar:/home/naresharigela/.capsule/apps/net.corda.webserver.WebServer_3.1-corda/bcprov-jdk15on-1.57.jar:/home/naresharigela/.capsule/apps/net.corda.webserver.WebServer_3.1-corda/hibernate-core-5.2.6.Final.jar:/home/naresharigela/.capsule/apps/net.corda.webserver.WebServer_3.1-corda/hibernate-jpa-2.1-api-1.0.0.Final.jar:/home/naresharigela/.capsule/apps/net.corda.webserver.WebServer_3.1-corda/quasar-core-0.7.9-jdk8.jar:/home/naresharigela/.capsule/apps/net.corda.webserver.WebServer_3.1-corda/jackson-dataformat-yaml-2.9.2.jar:/home/naresharigela/.capsule/apps/net.corda.webserver.WebServer_3.1-corda/artemis-core-client-2.2.0.jar:/home/naresharigela/.capsule/apps/net.corda.webserver.WebServer_3.1-corda/artemis-commons-2.2.0.jar:/home/naresharigela/.capsule/apps/net.corda.webserver.WebServer_3.1-corda/guava-21.0.jar:/home/naresharigela/.capsule/apps/net.corda.webserver.WebServer_3.1-corda/jetty-xml-9.4.7.v20170914.jar:/home/naresharigela/.capsule/apps/net.corda.webserver.WebServer_3.1-corda/jolokia-jsr160-1.3.7.jar:/home/naresharigela/.capsule/apps/net.corda.webserver.WebServer_3.1-corda/jolokia-core-1.3.7.jar:/home/naresharigela/.capsule/apps/net.corda.webserver.WebServer_3.1-corda/commons-io-2.2.jar:/home/naresharigela/.capsule/apps/net.corda.webserver.WebServer_3.1-corda/log4j-api-2.9.1.jar:/home/naresharigela/.capsule/apps/net.corda.webserver.WebServer_3.1-corda/jersey-client-2.25.jar:/home/naresharigela/.capsule/apps/net.corda.webserver.WebServer_3.1-corda/jersey-media-jaxb-2.25.jar:/home/naresharigela/.capsule/apps/net.corda.webserver.WebServer_3.1-corda/jersey-common-2.25.jar:/home/naresharigela/.capsule/apps/net.corda.webserver.WebServer_3.1-corda/jersey-entity-filtering-2.25.jar:/home/naresharigela/.capsule/apps/net.corda.webserver.WebServer_3.1-corda/javax.ws.rs-api-2.0.1.jar:/home/naresharigela/.capsule/apps/net.corda.webserver.WebServer_3.1-corda/javax.annotation-api-1.2.jar:/home/naresharigela/.capsule/apps/net.corda.webserver.WebServer_3.1-corda/hk2-locator-2.5.0-b30.jar:/home/naresharigela/.capsule/apps/net.corda.webserver.WebServer_3.1-corda/hk2-api-2.5.0-b30.jar:/home/naresharigela/.capsule/apps/net.corda.webserver.WebServer_3.1-corda/javax.inject-2.5.0-b30.jar:/home/naresharigela/.capsule/apps/net.corda.webserver.WebServer_3.1-corda/validation-api-1.1.0.Final.jar:/home/naresharigela/.capsule/apps/net.corda.webserver.WebServer_3.1-corda/jetty-http-9.4.7.v20170914.jar:/home/naresharigela/.capsule/apps/net.corda.webserver.WebServer_3.1-corda/jetty-io-9.4.7.v20170914.jar:/home/naresharigela/.capsule/apps/net.corda.webserver.WebServer_3.1-corda/jetty-util-9.4.7.v20170914.jar:/home/naresharigela/.capsule/apps/net.corda.webserver.WebServer_3.1-corda/jackson-annotations-2.9.0.jar:/home/naresharigela/.capsule/apps/net.corda.webserver.WebServer_3.1-corda/kotlin-stdlib-jre7-1.1.60.jar:/home/naresharigela/.capsule/apps/net.corda.webserver.WebServer_3.1-corda/kotlin-stdlib-1.1.60.jar:/home/naresharigela/.capsule/apps/net.corda.webserver.WebServer_3.1-corda/jackson-core-2.9.2.jar:/home/naresharigela/.capsule/apps/net.corda.webserver.WebServer_3.1-corda/hibernate-commons-annotations-5.0.1.Final.jar:/home/naresharigela/.capsule/apps/net.corda.webserver.WebServer_3.1-corda/jboss-logging-3.3.0.Final.jar:/home/naresharigela/.capsule/apps/net.corda.webserver.WebServer_3.1-corda/javassist-3.20.0-GA.jar:/home/naresharigela/.capsule/apps/net.corda.webserver.WebServer_3.1-corda/antlr-2.7.7.jar:/home/naresharigela/.capsule/apps/net.corda.webserver.WebServer_3.1-corda/geronimo-jta_1.1_spec-1.1.1.jar:/home/naresharigela/.capsule/apps/net.corda.webserver.WebServer_3.1-corda/jandex-2.0.3.Final.jar:/home/naresharigela/.capsule/apps/net.corda.webserver.WebServer_3.1-corda/classmate-1.3.0.jar:/home/naresharigela/.capsule/apps/net.corda.webserver.WebServer_3.1-corda/dom4j-1.6.1.jar:/home/naresharigela/.capsule/apps/net.corda.webserver.WebServer_3.1-corda/cdi-api-1.1.jar:/home/naresharigela/.capsule/apps/net.corda.webserver.WebServer_3.1-corda/commons-collections4-4.1.jar:/home/naresharigela/.capsule/apps/net.corda.webserver.WebServer_3.1-corda/commons-beanutils-1.9.3.jar:/home/naresharigela/.capsule/apps/net.corda.webserver.WebServer_3.1-corda/config-1.3.1.jar:/home/naresharigela/.capsule/apps/net.corda.webserver.WebServer_3.1-corda/kryo-serializers-0.41.jar:/home/naresharigela/.capsule/apps/net.corda.webserver.WebServer_3.1-corda/kryo-4.0.0.jar:/home/naresharigela/.capsule/apps/net.corda.webserver.WebServer_3.1-corda/proton-j-0.21.0.jar:/home/naresharigela/.capsule/apps/net.corda.webserver.WebServer_3.1-corda/fast-classpath-scanner-2.12.3.jar:/home/naresharigela/.capsule/apps/net.corda.webserver.WebServer_3.1-corda/snakeyaml-1.18.jar:/home/naresharigela/.capsule/apps/net.corda.webserver.WebServer_3.1-corda/json-simple-1.1.1.jar:/home/naresharigela/.capsule/apps/net.corda.webserver.WebServer_3.1-corda/jersey-guava-2.25.jar:/home/naresharigela/.capsule/apps/net.corda.webserver.WebServer_3.1-corda/osgi-resource-locator-1.0.1.jar:/home/naresharigela/.capsule/apps/net.corda.webserver.WebServer_3.1-corda/hk2-utils-2.5.0-b30.jar:/home/naresharigela/.capsule/apps/net.corda.webserver.WebServer_3.1-corda/aopalliance-repackaged-2.5.0-b30.jar:/home/naresharigela/.capsule/apps/net.corda.webserver.WebServer_3.1-corda/el-api-2.2.jar:/home/naresharigela/.capsule/apps/net.corda.webserver.WebServer_3.1-corda/jboss-interceptors-api_1.1_spec-1.0.0.Beta1.jar:/home/naresharigela/.capsule/apps/net.corda.webserver.WebServer_3.1-corda/jsr250-api-1.0.jar:/home/naresharigela/.capsule/apps/net.corda.webserver.WebServer_3.1-corda/javax.inject-1.jar:/home/naresharigela/.capsule/apps/net.corda.webserver.WebServer_3.1-corda/commons-collections-3.2.2.jar:/home/naresharigela/.capsule/apps/net.corda.webserver.WebServer_3.1-corda/jgroups-3.6.13.Final.jar:/home/naresharigela/.capsule/apps/net.corda.webserver.WebServer_3.1-corda/netty-all-4.1.9.Final.jar:/home/naresharigela/.capsule/apps/net.corda.webserver.WebServer_3.1-corda/geronimo-json_1.0_spec-1.0-alpha-1.jar:/home/naresharigela/.capsule/apps/net.corda.webserver.WebServer_3.1-corda/johnzon-core-0.9.5.jar:/home/naresharigela/.capsule/apps/net.corda.webserver.WebServer_3.1-corda/reflectasm-1.11.3.jar:/home/naresharigela/.capsule/apps/net.corda.webserver.WebServer_3.1-corda/minlog-1.3.0.jar:/home/naresharigela/.capsule/apps/net.corda.webserver.WebServer_3.1-corda/objenesis-2.2.jar:/home/naresharigela/.capsule/apps/net.corda.webserver.WebServer_3.1-corda/asm-5.0.4.jar:/home/naresharigela/.capsule/apps/net.corda.webserver.WebServer_3.1-corda/annotations-13.0.jar:/home/naresharigela/.capsule/apps/net.corda.webserver.WebServer_3.1-corda/corda-webserver-impl-3.1-corda.jar:/home/naresharigela/Naresh/Corda/Projects/CorporateAction/cordapp-bill-of-lading-master/kotlin-source/build/nodes/PartyB/cordapps/cordapp-example-0.1.jar:/home/naresharigela/Naresh/Corda/Projects/CorporateAction/cordapp-bill-of-lading-master/kotlin-source/build/nodes/PartyB/cordapps/corda-finance-3.1-corda.jar:drivers/jolokia-jvm-1.3.7-agent.jar:/home/naresharigela/.capsule/apps/net.corda.webserver.WebServer_3.1-corda/quasar-core-0.7.9-jdk8.jar {}
[INFO ] 2019-05-08T12:25:03,208Z [main] Main.main - VM Java HotSpot(TM) 64-Bit Server VM Oracle Corporation 25.201-b09 {}
[INFO ] 2019-05-08T12:25:03,209Z [main] Main.main - Machine: naresharigela-Latitude-3490 {}
[INFO ] 2019-05-08T12:25:03,209Z [main] Main.main - Working Directory: /home/naresharigela/Naresh/Corda/Projects/CorporateAction/cordapp-bill-of-lading-master/kotlin-source/build/nodes/PartyB {}
[INFO ] 2019-05-08T12:25:08,403Z [main] Main.main - Starting as webserver on localhost:10012 {}
[INFO ] 2019-05-08T12:25:08,810Z [main] BasicInfo.logAndMaybePrint - Starting as webserver: localhost:10012 {}
[WARN ] 2019-05-08T12:25:09,900Z [main] internal.config.defaultToOldPath - Config key user has been deprecated and will be removed in a future release. Use username instead {}
[INFO ] 2019-05-08T12:25:09,945Z [main] internal.NodeWebServer.connectLocalRpcAsNodeUser - Connecting to node at localhost:10011 as User(user1, permissions=[ALL]) {}
[INFO ] 2019-05-08T12:25:18,227Z [main] internal.RPCClient.logElapsedTime - Startup took 6548 msec {}
[WARN ] 2019-05-08T12:25:19,228Z [main] internal.config.defaultToOldPath - Config key user has been deprecated and will be removed in a future release. Use username instead {}
[INFO ] 2019-05-08T12:25:19,229Z [main] internal.NodeWebServer.connectLocalRpcAsNodeUser - Connecting to node at localhost:10011 as User(user1, permissions=[ALL]) {}
[INFO ] 2019-05-08T12:25:19,287Z [main] internal.RPCClient.logElapsedTime - Startup took 58 msec {}
[WARN ] 2019-05-08T12:25:20,288Z [main] internal.config.defaultToOldPath - Config key user has been deprecated and will be removed in a future release. Use username instead {}
[INFO ] 2019-05-08T12:25:20,289Z [main] internal.NodeWebServer.connectLocalRpcAsNodeUser - Connecting to node at localhost:10011 as User(user1, permissions=[ALL]) {}
[INFO ] 2019-05-08T12:25:20,375Z [main] internal.RPCClient.logElapsedTime - Startup took 85 msec {}
[WARN ] 2019-05-08T12:25:21,376Z [main] internal.config.defaultToOldPath - Config key user has been deprecated and will be removed in a future release. Use username instead {}
[INFO ] 2019-05-08T12:25:21,377Z [main] internal.NodeWebServer.connectLocalRpcAsNodeUser - Connecting to node at localhost:10011 as User(user1, permissions=[ALL]) {}
[INFO ] 2019-05-08T12:25:21,423Z [main] internal.RPCClient.logElapsedTime - Startup took 45 msec {}
[WARN ] 2019-05-08T12:25:22,424Z [main] internal.config.defaultToOldPath - Config key user has been deprecated and will be removed in a future release. Use username instead {}
[INFO ] 2019-05-08T12:25:22,424Z [main] internal.NodeWebServer.connectLocalRpcAsNodeUser - Connecting to node at localhost:10011 as User(user1, permissions=[ALL]) {}
[INFO ] 2019-05-08T12:25:22,459Z [main] internal.RPCClient.logElapsedTime - Startup took 34 msec {}
[WARN ] 2019-05-08T12:25:23,460Z [main] internal.config.defaultToOldPath - Config key user has been deprecated and will be removed in a future release. Use username instead {}
[INFO ] 2019-05-08T12:25:23,461Z [main] internal.NodeWebServer.connectLocalRpcAsNodeUser - Connecting to node at localhost:10011 as User(user1, permissions=[ALL]) {}
[INFO ] 2019-05-08T12:25:23,509Z [main] internal.RPCClient.logElapsedTime - Startup took 37 msec {}
[WARN ] 2019-05-08T12:25:24,510Z [main] internal.config.defaultToOldPath - Config key user has been deprecated and will be removed in a future release. Use username instead {}
[INFO ] 2019-05-08T12:25:24,511Z [main] internal.NodeWebServer.connectLocalRpcAsNodeUser - Connecting to node at localhost:10011 as User(user1, permissions=[ALL]) {}
[INFO ] 2019-05-08T12:25:24,563Z [main] internal.RPCClient.logElapsedTime - Startup took 51 msec {}
[WARN ] 2019-05-08T12:25:25,564Z [main] internal.config.defaultToOldPath - Config key user has been deprecated and will be removed in a future release. Use username instead {}
[INFO ] 2019-05-08T12:25:25,565Z [main] internal.NodeWebServer.connectLocalRpcAsNodeUser - Connecting to node at localhost:10011 as User(user1, permissions=[ALL]) {}
[INFO ] 2019-05-08T12:25:25,626Z [main] internal.RPCClient.logElapsedTime - Startup took 61 msec {}
[WARN ] 2019-05-08T12:25:26,627Z [main] internal.config.defaultToOldPath - Config key user has been deprecated and will be removed in a future release. Use username instead {}
[INFO ] 2019-05-08T12:25:26,628Z [main] internal.NodeWebServer.connectLocalRpcAsNodeUser - Connecting to node at localhost:10011 as User(user1, permissions=[ALL]) {}
[INFO ] 2019-05-08T12:25:26,675Z [main] internal.RPCClient.logElapsedTime - Startup took 46 msec {}
[WARN ] 2019-05-08T12:25:27,676Z [main] internal.config.defaultToOldPath - Config key user has been deprecated and will be removed in a future release. Use username instead {}
[INFO ] 2019-05-08T12:25:27,677Z [main] internal.NodeWebServer.connectLocalRpcAsNodeUser - Connecting to node at localhost:10011 as User(user1, permissions=[ALL]) {}
[INFO ] 2019-05-08T12:25:27,793Z [main] internal.RPCClient.logElapsedTime - Startup took 115 msec {}
[WARN ] 2019-05-08T12:25:28,794Z [main] internal.config.defaultToOldPath - Config key user has been deprecated and will be removed in a future release. Use username instead {}
[INFO ] 2019-05-08T12:25:28,795Z [main] internal.NodeWebServer.connectLocalRpcAsNodeUser - Connecting to node at localhost:10011 as User(user1, permissions=[ALL]) {}
[INFO ] 2019-05-08T12:25:28,831Z [main] internal.RPCClient.logElapsedTime - Startup took 35 msec {}
[WARN ] 2019-05-08T12:25:29,832Z [main] internal.config.defaultToOldPath - Config key user has been deprecated and will be removed in a future release. Use username instead {}
[INFO ] 2019-05-08T12:25:29,832Z [main] internal.NodeWebServer.connectLocalRpcAsNodeUser - Connecting to node at localhost:10011 as User(user1, permissions=[ALL]) {}
[INFO ] 2019-05-08T12:25:29,883Z [main] internal.RPCClient.logElapsedTime - Startup took 50 msec {}
[WARN ] 2019-05-08T12:25:30,884Z [main] internal.config.defaultToOldPath - Config key user has been deprecated and will be removed in a future release. Use username instead {}
[INFO ] 2019-05-08T12:25:30,885Z [main] internal.NodeWebServer.connectLocalRpcAsNodeUser - Connecting to node at localhost:10011 as User(user1, permissions=[ALL]) {}
[INFO ] 2019-05-08T12:25:30,911Z [main] internal.RPCClient.logElapsedTime - Startup took 25 msec {}
[WARN ] 2019-05-08T12:25:31,913Z [main] internal.config.defaultToOldPath - Config key user has been deprecated and will be removed in a future release. Use username instead {}
[INFO ] 2019-05-08T12:25:31,914Z [main] internal.NodeWebServer.connectLocalRpcAsNodeUser - Connecting to node at localhost:10011 as User(user1, permissions=[ALL]) {}
[INFO ] 2019-05-08T12:25:31,935Z [main] internal.RPCClient.logElapsedTime - Startup took 21 msec {}
[WARN ] 2019-05-08T12:25:32,936Z [main] internal.config.defaultToOldPath - Config key user has been deprecated and will be removed in a future release. Use username instead {}
[INFO ] 2019-05-08T12:25:32,937Z [main] internal.NodeWebServer.connectLocalRpcAsNodeUser - Connecting to node at localhost:10011 as User(user1, permissions=[ALL]) {}
[INFO ] 2019-05-08T12:25:32,939Z [main] internal.RPCClient.logElapsedTime - Startup took 2 msec {}
[WARN ] 2019-05-08T12:25:33,940Z [main] internal.config.defaultToOldPath - Config key user has been deprecated and will be removed in a future release. Use username instead {}
[INFO ] 2019-05-08T12:25:33,941Z [main] internal.NodeWebServer.connectLocalRpcAsNodeUser - Connecting to node at localhost:10011 as User(user1, permissions=[ALL]) {}
[INFO ] 2019-05-08T12:25:33,943Z [main] internal.RPCClient.logElapsedTime - Startup took 2 msec {}
[WARN ] 2019-05-08T12:25:34,944Z [main] internal.config.defaultToOldPath - Config key user has been deprecated and will be removed in a future release. Use username instead {}
[INFO ] 2019-05-08T12:25:34,944Z [main] internal.NodeWebServer.connectLocalRpcAsNodeUser - Connecting to node at localhost:10011 as User(user1, permissions=[ALL]) {}
[INFO ] 2019-05-08T12:25:34,949Z [main] internal.RPCClient.logElapsedTime - Startup took 3 msec {}
[WARN ] 2019-05-08T12:25:35,950Z [main] internal.config.defaultToOldPath - Config key user has been deprecated and will be removed in a future release. Use username instead {}
[INFO ] 2019-05-08T12:25:35,951Z [main] internal.NodeWebServer.connectLocalRpcAsNodeUser - Connecting to node at localhost:10011 as User(user1, permissions=[ALL]) {}
[INFO ] 2019-05-08T12:25:35,958Z [main] internal.RPCClient.logElapsedTime - Startup took 5 msec {}
[WARN ] 2019-05-08T12:25:36,959Z [main] internal.config.defaultToOldPath - Config key user has been deprecated and will be removed in a future release. Use username instead {}
[INFO ] 2019-05-08T12:25:36,960Z [main] internal.NodeWebServer.connectLocalRpcAsNodeUser - Connecting to node at localhost:10011 as User(user1, permissions=[ALL]) {}
[INFO ] 2019-05-08T12:25:36,967Z [main] internal.RPCClient.logElapsedTime - Startup took 6 msec {}
[WARN ] 2019-05-08T12:25:37,968Z [main] internal.config.defaultToOldPath - Config key user has been deprecated and will be removed in a future release. Use username instead {}
[INFO ] 2019-05-08T12:25:37,969Z [main] internal.NodeWebServer.connectLocalRpcAsNodeUser - Connecting to node at localhost:10011 as User(user1, permissions=[ALL]) {}
[INFO ] 2019-05-08T12:25:37,971Z [main] internal.RPCClient.logElapsedTime - Startup took 2 msec {}
[WARN ] 2019-05-08T12:25:38,972Z [main] internal.config.defaultToOldPath - Config key user has been deprecated and will be removed in a future release. Use username instead {}
[INFO ] 2019-05-08T12:25:38,974Z [main] internal.NodeWebServer.connectLocalRpcAsNodeUser - Connecting to node at localhost:10011 as User(user1, permissions=[ALL]) {}
[INFO ] 2019-05-08T12:25:38,982Z [main] internal.RPCClient.logElapsedTime - Startup took 7 msec {}
[WARN ] 2019-05-08T12:25:39,984Z [main] internal.config.defaultToOldPath - Config key user has been deprecated and will be removed in a future release. Use username instead {}
[INFO ] 2019-05-08T12:25:39,985Z [main] internal.NodeWebServer.connectLocalRpcAsNodeUser - Connecting to node at localhost:10011 as User(user1, permissions=[ALL]) {}
[INFO ] 2019-05-08T12:25:52,419Z [main] internal.RPCClient.logElapsedTime - Startup took 12433 msec {}
[INFO ] 2019-05-08T12:25:52,550Z [main] util.log.initialized - Logging initialized @56657ms to org.eclipse.jetty.util.log.Slf4jLog {}
[INFO ] 2019-05-08T12:25:54,691Z [main] internal.NodeWebServer.buildServletContextHandler - Add plugin web API from attachment com.example.plugin.ExamplePluginKt$sam$Function$cf487d2c@cb1c58c {}
[INFO ] 2019-05-08T12:25:57,285Z [main] server.Server.doStart - jetty-9.4.7.v20170914 {}
[INFO ] 2019-05-08T12:26:00,556Z [main] handler.ContextHandler.doStart - Started o.e.j.s.ServletContextHandler@682482ee{/,null,AVAILABLE} {}
[INFO ] 2019-05-08T12:26:00,772Z [main] server.AbstractConnector.doStart - Started ServerConnector@27ac3b12{HTTP/1.1,[http/1.1]}{0.0.0.0:10012} {}
[INFO ] 2019-05-08T12:26:00,773Z [main] server.Server.doStart - Started @64884ms {}
[INFO ] 2019-05-08T12:26:00,774Z [main] internal.NodeWebServer.initWebServer - Starting webserver on address localhost:10012 {}
