[INFO ] 2019-05-08T12:25:02,429Z [main] webserver.CmdLineOptions.loadConfig - Config:
{
    # hardcoded value
    "baseDirectory" : "/home/naresharigela/Naresh/Corda/Projects/CorporateAction/cordapp-bill-of-lading-master/kotlin-source/build/nodes/PartyA",
    # web-reference.conf @ jar:file:/home/naresharigela/.capsule/apps/net.corda.webserver.WebServer_3.1-corda/corda-webserver-impl-3.1-corda.jar!/web-reference.conf: 2
    "keyStorePassword" : "cordacadevpass",
    # /home/naresharigela/Naresh/Corda/Projects/CorporateAction/cordapp-bill-of-lading-master/kotlin-source/build/nodes/PartyA/node.conf: 1
    "myLegalName" : "O=PartyA,L=London,C=GB",
    # /home/naresharigela/Naresh/Corda/Projects/CorporateAction/cordapp-bill-of-lading-master/kotlin-source/build/nodes/PartyA/node.conf: 2
    "p2pAddress" : "localhost:10007",
    # /home/naresharigela/Naresh/Corda/Projects/CorporateAction/cordapp-bill-of-lading-master/kotlin-source/build/nodes/PartyA/node.conf: 3
    "rpcSettings" : {
        # /home/naresharigela/Naresh/Corda/Projects/CorporateAction/cordapp-bill-of-lading-master/kotlin-source/build/nodes/PartyA/node.conf: 4
        "address" : "localhost:10008",
        # /home/naresharigela/Naresh/Corda/Projects/CorporateAction/cordapp-bill-of-lading-master/kotlin-source/build/nodes/PartyA/node.conf: 5
        "adminAddress" : "localhost:10048"
    },
    # /home/naresharigela/Naresh/Corda/Projects/CorporateAction/cordapp-bill-of-lading-master/kotlin-source/build/nodes/PartyA/node.conf: 7
    "rpcUsers" : [
        # /home/naresharigela/Naresh/Corda/Projects/CorporateAction/cordapp-bill-of-lading-master/kotlin-source/build/nodes/PartyA/node.conf: 8
        {
            # /home/naresharigela/Naresh/Corda/Projects/CorporateAction/cordapp-bill-of-lading-master/kotlin-source/build/nodes/PartyA/node.conf: 9
            "password" : "test",
            # /home/naresharigela/Naresh/Corda/Projects/CorporateAction/cordapp-bill-of-lading-master/kotlin-source/build/nodes/PartyA/node.conf: 10
            "permissions" : [
                # /home/naresharigela/Naresh/Corda/Projects/CorporateAction/cordapp-bill-of-lading-master/kotlin-source/build/nodes/PartyA/node.conf: 11
                "ALL"
            ],
            # /home/naresharigela/Naresh/Corda/Projects/CorporateAction/cordapp-bill-of-lading-master/kotlin-source/build/nodes/PartyA/node.conf: 13
            "user" : "user1"
        }
    ],
    # web-reference.conf @ jar:file:/home/naresharigela/.capsule/apps/net.corda.webserver.WebServer_3.1-corda/corda-webserver-impl-3.1-corda.jar!/web-reference.conf: 3
    "trustStorePassword" : "trustpass",
    # web-reference.conf @ jar:file:/home/naresharigela/.capsule/apps/net.corda.webserver.WebServer_3.1-corda/corda-webserver-impl-3.1-corda.jar!/web-reference.conf: 1
    "useHTTPS" : false,
    # /home/naresharigela/Naresh/Corda/Projects/CorporateAction/cordapp-bill-of-lading-master/kotlin-source/build/nodes/PartyA/node.conf: 16
    "webAddress" : "localhost:10009"
}
 {}
[INFO ] 2019-05-08T12:25:02,513Z [main] Main.main - Main class: /home/naresharigela/.capsule/apps/net.corda.webserver.WebServer_3.1-corda/corda-webserver-impl-3.1-corda.jar {}
[INFO ] 2019-05-08T12:25:02,768Z [main] Main.main - CommandLine Args: -Xmx200m -XX:+UseG1GC -agentlib:jdwp=transport=dt_socket,server=y,suspend=n,address=5006 -javaagent:drivers/jolokia-jvm-1.3.7-agent.jar=port=7006,logHandlerClass=net.corda.webserver.JolokiaSlf4Adapter -javaagent:/home/naresharigela/.capsule/apps/net.corda.webserver.WebServer_3.1-corda/quasar-core-0.7.9-jdk8.jar -Dvisualvm.display.name=Corda -Djava.library.path=/usr/java/packages/lib/amd64:/usr/lib64:/lib64:/lib:/usr/lib:/home/naresharigela/.capsule/apps/net.corda.webserver.WebServer_3.1-corda -Dcapsule.app=net.corda.webserver.WebServer_3.1-corda -Dname=PartyA-corda-webserver.jar -DWebserver -Dcapsule.dir=/home/naresharigela/.capsule/apps/net.corda.webserver.WebServer_3.1-corda -Dcapsule.jar=/home/naresharigela/Naresh/Corda/Projects/CorporateAction/cordapp-bill-of-lading-master/kotlin-source/build/nodes/PartyA/corda-webserver.jar {}
[INFO ] 2019-05-08T12:25:03,347Z [main] Main.main - Application Args:  {}
[INFO ] 2019-05-08T12:25:03,357Z [main] Main.main - bootclasspath: /usr/lib/jvm/java-8-oracle/jre/lib/resources.jar:/usr/lib/jvm/java-8-oracle/jre/lib/rt.jar:/usr/lib/jvm/java-8-oracle/jre/lib/sunrsasign.jar:/usr/lib/jvm/java-8-oracle/jre/lib/jsse.jar:/usr/lib/jvm/java-8-oracle/jre/lib/jce.jar:/usr/lib/jvm/java-8-oracle/jre/lib/charsets.jar:/usr/lib/jvm/java-8-oracle/jre/lib/jfr.jar:/usr/lib/jvm/java-8-oracle/jre/classes {}
[INFO ] 2019-05-08T12:25:03,357Z [main] Main.main - classpath: /home/naresharigela/Naresh/Corda/Projects/CorporateAction/cordapp-bill-of-lading-master/kotlin-source/build/nodes/PartyA/corda-webserver.jar:/home/naresharigela/.capsule/apps/net.corda.webserver.WebServer_3.1-corda/corda-rpc-3.1-corda.jar:/home/naresharigela/.capsule/apps/net.corda.webserver.WebServer_3.1-corda/corda-jackson-3.1-corda.jar:/home/naresharigela/.capsule/apps/net.corda.webserver.WebServer_3.1-corda/corda-node-api-3.1-corda.jar:/home/naresharigela/.capsule/apps/net.corda.webserver.WebServer_3.1-corda/corda-core-3.1-corda.jar:/home/naresharigela/.capsule/apps/net.corda.webserver.WebServer_3.1-corda/jetty-webapp-9.4.7.v20170914.jar:/home/naresharigela/.capsule/apps/net.corda.webserver.WebServer_3.1-corda/jetty-servlet-9.4.7.v20170914.jar:/home/naresharigela/.capsule/apps/net.corda.webserver.WebServer_3.1-corda/jersey-container-jetty-http-2.25.jar:/home/naresharigela/.capsule/apps/net.corda.webserver.WebServer_3.1-corda/jetty-security-9.4.7.v20170914.jar:/home/naresharigela/.capsule/apps/net.corda.webserver.WebServer_3.1-corda/jetty-server-9.4.7.v20170914.jar:/home/naresharigela/.capsule/apps/net.corda.webserver.WebServer_3.1-corda/javax.servlet-api-3.1.0.jar:/home/naresharigela/.capsule/apps/net.corda.webserver.WebServer_3.1-corda/commons-fileupload-1.3.3.jar:/home/naresharigela/.capsule/apps/net.corda.webserver.WebServer_3.1-corda/log4j-slf4j-impl-2.9.1.jar:/home/naresharigela/.capsule/apps/net.corda.webserver.WebServer_3.1-corda/log4j-core-2.9.1.jar:/home/naresharigela/.capsule/apps/net.corda.webserver.WebServer_3.1-corda/jopt-simple-5.0.2.jar:/home/naresharigela/.capsule/apps/net.corda.webserver.WebServer_3.1-corda/jetty-continuation-9.4.7.v20170914.jar:/home/naresharigela/.capsule/apps/net.corda.webserver.WebServer_3.1-corda/jersey-container-servlet-core-2.25.jar:/home/naresharigela/.capsule/apps/net.corda.webserver.WebServer_3.1-corda/jersey-server-2.25.jar:/home/naresharigela/.capsule/apps/net.corda.webserver.WebServer_3.1-corda/jersey-media-json-jackson-2.25.jar:/home/naresharigela/.capsule/apps/net.corda.webserver.WebServer_3.1-corda/kotlinx-html-jvm-0.6.3.jar:/home/naresharigela/.capsule/apps/net.corda.webserver.WebServer_3.1-corda/kotlin-stdlib-jre8-1.1.60.jar:/home/naresharigela/.capsule/apps/net.corda.webserver.WebServer_3.1-corda/jackson-module-kotlin-2.9.2.jar:/home/naresharigela/.capsule/apps/net.corda.webserver.WebServer_3.1-corda/kotlin-reflect-1.1.60.jar:/home/naresharigela/.capsule/apps/net.corda.webserver.WebServer_3.1-corda/cordform-common-3.1.0.jar:/home/naresharigela/.capsule/apps/net.corda.webserver.WebServer_3.1-corda/jsr305-3.0.2.jar:/home/naresharigela/.capsule/apps/net.corda.webserver.WebServer_3.1-corda/jcl-over-slf4j-1.7.25.jar:/home/naresharigela/.capsule/apps/net.corda.webserver.WebServer_3.1-corda/slf4j-api-1.7.25.jar:/home/naresharigela/.capsule/apps/net.corda.webserver.WebServer_3.1-corda/rxjava-1.2.4.jar:/home/naresharigela/.capsule/apps/net.corda.webserver.WebServer_3.1-corda/commons-jexl3-3.0.jar:/home/naresharigela/.capsule/apps/net.corda.webserver.WebServer_3.1-corda/jackson-datatype-jsr310-2.9.2.jar:/home/naresharigela/.capsule/apps/net.corda.webserver.WebServer_3.1-corda/jackson-jaxrs-json-provider-2.8.4.jar:/home/naresharigela/.capsule/apps/net.corda.webserver.WebServer_3.1-corda/jackson-jaxrs-base-2.8.4.jar:/home/naresharigela/.capsule/apps/net.corda.webserver.WebServer_3.1-corda/jackson-module-jaxb-annotations-2.8.4.jar:/home/naresharigela/.capsule/apps/net.corda.webserver.WebServer_3.1-corda/jackson-databind-2.9.2.jar:/home/naresharigela/.capsule/apps/net.corda.webserver.WebServer_3.1-corda/eddsa-0.2.0.jar:/home/naresharigela/.capsule/apps/net.corda.webserver.WebServer_3.1-corda/bcpkix-jdk15on-1.57.jar:/home/naresharigela/.capsule/apps/net.corda.webserver.WebServer_3.1-corda/bcprov-jdk15on-1.57.jar:/home/naresharigela/.capsule/apps/net.corda.webserver.WebServer_3.1-corda/hibernate-core-5.2.6.Final.jar:/home/naresharigela/.capsule/apps/net.corda.webserver.WebServer_3.1-corda/hibernate-jpa-2.1-api-1.0.0.Final.jar:/home/naresharigela/.capsule/apps/net.corda.webserver.WebServer_3.1-corda/quasar-core-0.7.9-jdk8.jar:/home/naresharigela/.capsule/apps/net.corda.webserver.WebServer_3.1-corda/jackson-dataformat-yaml-2.9.2.jar:/home/naresharigela/.capsule/apps/net.corda.webserver.WebServer_3.1-corda/artemis-core-client-2.2.0.jar:/home/naresharigela/.capsule/apps/net.corda.webserver.WebServer_3.1-corda/artemis-commons-2.2.0.jar:/home/naresharigela/.capsule/apps/net.corda.webserver.WebServer_3.1-corda/guava-21.0.jar:/home/naresharigela/.capsule/apps/net.corda.webserver.WebServer_3.1-corda/jetty-xml-9.4.7.v20170914.jar:/home/naresharigela/.capsule/apps/net.corda.webserver.WebServer_3.1-corda/jolokia-jsr160-1.3.7.jar:/home/naresharigela/.capsule/apps/net.corda.webserver.WebServer_3.1-corda/jolokia-core-1.3.7.jar:/home/naresharigela/.capsule/apps/net.corda.webserver.WebServer_3.1-corda/commons-io-2.2.jar:/home/naresharigela/.capsule/apps/net.corda.webserver.WebServer_3.1-corda/log4j-api-2.9.1.jar:/home/naresharigela/.capsule/apps/net.corda.webserver.WebServer_3.1-corda/jersey-client-2.25.jar:/home/naresharigela/.capsule/apps/net.corda.webserver.WebServer_3.1-corda/jersey-media-jaxb-2.25.jar:/home/naresharigela/.capsule/apps/net.corda.webserver.WebServer_3.1-corda/jersey-common-2.25.jar:/home/naresharigela/.capsule/apps/net.corda.webserver.WebServer_3.1-corda/jersey-entity-filtering-2.25.jar:/home/naresharigela/.capsule/apps/net.corda.webserver.WebServer_3.1-corda/javax.ws.rs-api-2.0.1.jar:/home/naresharigela/.capsule/apps/net.corda.webserver.WebServer_3.1-corda/javax.annotation-api-1.2.jar:/home/naresharigela/.capsule/apps/net.corda.webserver.WebServer_3.1-corda/hk2-locator-2.5.0-b30.jar:/home/naresharigela/.capsule/apps/net.corda.webserver.WebServer_3.1-corda/hk2-api-2.5.0-b30.jar:/home/naresharigela/.capsule/apps/net.corda.webserver.WebServer_3.1-corda/javax.inject-2.5.0-b30.jar:/home/naresharigela/.capsule/apps/net.corda.webserver.WebServer_3.1-corda/validation-api-1.1.0.Final.jar:/home/naresharigela/.capsule/apps/net.corda.webserver.WebServer_3.1-corda/jetty-http-9.4.7.v20170914.jar:/home/naresharigela/.capsule/apps/net.corda.webserver.WebServer_3.1-corda/jetty-io-9.4.7.v20170914.jar:/home/naresharigela/.capsule/apps/net.corda.webserver.WebServer_3.1-corda/jetty-util-9.4.7.v20170914.jar:/home/naresharigela/.capsule/apps/net.corda.webserver.WebServer_3.1-corda/jackson-annotations-2.9.0.jar:/home/naresharigela/.capsule/apps/net.corda.webserver.WebServer_3.1-corda/kotlin-stdlib-jre7-1.1.60.jar:/home/naresharigela/.capsule/apps/net.corda.webserver.WebServer_3.1-corda/kotlin-stdlib-1.1.60.jar:/home/naresharigela/.capsule/apps/net.corda.webserver.WebServer_3.1-corda/jackson-core-2.9.2.jar:/home/naresharigela/.capsule/apps/net.corda.webserver.WebServer_3.1-corda/hibernate-commons-annotations-5.0.1.Final.jar:/home/naresharigela/.capsule/apps/net.corda.webserver.WebServer_3.1-corda/jboss-logging-3.3.0.Final.jar:/home/naresharigela/.capsule/apps/net.corda.webserver.WebServer_3.1-corda/javassist-3.20.0-GA.jar:/home/naresharigela/.capsule/apps/net.corda.webserver.WebServer_3.1-corda/antlr-2.7.7.jar:/home/naresharigela/.capsule/apps/net.corda.webserver.WebServer_3.1-corda/geronimo-jta_1.1_spec-1.1.1.jar:/home/naresharigela/.capsule/apps/net.corda.webserver.WebServer_3.1-corda/jandex-2.0.3.Final.jar:/home/naresharigela/.capsule/apps/net.corda.webserver.WebServer_3.1-corda/classmate-1.3.0.jar:/home/naresharigela/.capsule/apps/net.corda.webserver.WebServer_3.1-corda/dom4j-1.6.1.jar:/home/naresharigela/.capsule/apps/net.corda.webserver.WebServer_3.1-corda/cdi-api-1.1.jar:/home/naresharigela/.capsule/apps/net.corda.webserver.WebServer_3.1-corda/commons-collections4-4.1.jar:/home/naresharigela/.capsule/apps/net.corda.webserver.WebServer_3.1-corda/commons-beanutils-1.9.3.jar:/home/naresharigela/.capsule/apps/net.corda.webserver.WebServer_3.1-corda/config-1.3.1.jar:/home/naresharigela/.capsule/apps/net.corda.webserver.WebServer_3.1-corda/kryo-serializers-0.41.jar:/home/naresharigela/.capsule/apps/net.corda.webserver.WebServer_3.1-corda/kryo-4.0.0.jar:/home/naresharigela/.capsule/apps/net.corda.webserver.WebServer_3.1-corda/proton-j-0.21.0.jar:/home/naresharigela/.capsule/apps/net.corda.webserver.WebServer_3.1-corda/fast-classpath-scanner-2.12.3.jar:/home/naresharigela/.capsule/apps/net.corda.webserver.WebServer_3.1-corda/snakeyaml-1.18.jar:/home/naresharigela/.capsule/apps/net.corda.webserver.WebServer_3.1-corda/json-simple-1.1.1.jar:/home/naresharigela/.capsule/apps/net.corda.webserver.WebServer_3.1-corda/jersey-guava-2.25.jar:/home/naresharigela/.capsule/apps/net.corda.webserver.WebServer_3.1-corda/osgi-resource-locator-1.0.1.jar:/home/naresharigela/.capsule/apps/net.corda.webserver.WebServer_3.1-corda/hk2-utils-2.5.0-b30.jar:/home/naresharigela/.capsule/apps/net.corda.webserver.WebServer_3.1-corda/aopalliance-repackaged-2.5.0-b30.jar:/home/naresharigela/.capsule/apps/net.corda.webserver.WebServer_3.1-corda/el-api-2.2.jar:/home/naresharigela/.capsule/apps/net.corda.webserver.WebServer_3.1-corda/jboss-interceptors-api_1.1_spec-1.0.0.Beta1.jar:/home/naresharigela/.capsule/apps/net.corda.webserver.WebServer_3.1-corda/jsr250-api-1.0.jar:/home/naresharigela/.capsule/apps/net.corda.webserver.WebServer_3.1-corda/javax.inject-1.jar:/home/naresharigela/.capsule/apps/net.corda.webserver.WebServer_3.1-corda/commons-collections-3.2.2.jar:/home/naresharigela/.capsule/apps/net.corda.webserver.WebServer_3.1-corda/jgroups-3.6.13.Final.jar:/home/naresharigela/.capsule/apps/net.corda.webserver.WebServer_3.1-corda/netty-all-4.1.9.Final.jar:/home/naresharigela/.capsule/apps/net.corda.webserver.WebServer_3.1-corda/geronimo-json_1.0_spec-1.0-alpha-1.jar:/home/naresharigela/.capsule/apps/net.corda.webserver.WebServer_3.1-corda/johnzon-core-0.9.5.jar:/home/naresharigela/.capsule/apps/net.corda.webserver.WebServer_3.1-corda/reflectasm-1.11.3.jar:/home/naresharigela/.capsule/apps/net.corda.webserver.WebServer_3.1-corda/minlog-1.3.0.jar:/home/naresharigela/.capsule/apps/net.corda.webserver.WebServer_3.1-corda/objenesis-2.2.jar:/home/naresharigela/.capsule/apps/net.corda.webserver.WebServer_3.1-corda/asm-5.0.4.jar:/home/naresharigela/.capsule/apps/net.corda.webserver.WebServer_3.1-corda/annotations-13.0.jar:/home/naresharigela/.capsule/apps/net.corda.webserver.WebServer_3.1-corda/corda-webserver-impl-3.1-corda.jar:/home/naresharigela/Naresh/Corda/Projects/CorporateAction/cordapp-bill-of-lading-master/kotlin-source/build/nodes/PartyA/cordapps/cordapp-example-0.1.jar:/home/naresharigela/Naresh/Corda/Projects/CorporateAction/cordapp-bill-of-lading-master/kotlin-source/build/nodes/PartyA/cordapps/corda-finance-3.1-corda.jar:drivers/jolokia-jvm-1.3.7-agent.jar:/home/naresharigela/.capsule/apps/net.corda.webserver.WebServer_3.1-corda/quasar-core-0.7.9-jdk8.jar {}
[INFO ] 2019-05-08T12:25:03,359Z [main] Main.main - VM Java HotSpot(TM) 64-Bit Server VM Oracle Corporation 25.201-b09 {}
[INFO ] 2019-05-08T12:25:03,359Z [main] Main.main - Machine: naresharigela-Latitude-3490 {}
[INFO ] 2019-05-08T12:25:03,359Z [main] Main.main - Working Directory: /home/naresharigela/Naresh/Corda/Projects/CorporateAction/cordapp-bill-of-lading-master/kotlin-source/build/nodes/PartyA {}
[INFO ] 2019-05-08T12:25:07,956Z [main] Main.main - Starting as webserver on localhost:10009 {}
[INFO ] 2019-05-08T12:25:08,158Z [main] BasicInfo.logAndMaybePrint - Starting as webserver: localhost:10009 {}
[WARN ] 2019-05-08T12:25:09,175Z [main] internal.config.defaultToOldPath - Config key user has been deprecated and will be removed in a future release. Use username instead {}
[INFO ] 2019-05-08T12:25:09,221Z [main] internal.NodeWebServer.connectLocalRpcAsNodeUser - Connecting to node at localhost:10008 as User(user1, permissions=[ALL]) {}
[INFO ] 2019-05-08T12:25:17,719Z [main] internal.RPCClient.logElapsedTime - Startup took 6798 msec {}
[WARN ] 2019-05-08T12:25:18,720Z [main] internal.config.defaultToOldPath - Config key user has been deprecated and will be removed in a future release. Use username instead {}
[INFO ] 2019-05-08T12:25:18,720Z [main] internal.NodeWebServer.connectLocalRpcAsNodeUser - Connecting to node at localhost:10008 as User(user1, permissions=[ALL]) {}
[INFO ] 2019-05-08T12:25:18,803Z [main] internal.RPCClient.logElapsedTime - Startup took 81 msec {}
[WARN ] 2019-05-08T12:25:19,803Z [main] internal.config.defaultToOldPath - Config key user has been deprecated and will be removed in a future release. Use username instead {}
[INFO ] 2019-05-08T12:25:19,804Z [main] internal.NodeWebServer.connectLocalRpcAsNodeUser - Connecting to node at localhost:10008 as User(user1, permissions=[ALL]) {}
[INFO ] 2019-05-08T12:25:19,865Z [main] internal.RPCClient.logElapsedTime - Startup took 60 msec {}
[WARN ] 2019-05-08T12:25:20,866Z [main] internal.config.defaultToOldPath - Config key user has been deprecated and will be removed in a future release. Use username instead {}
[INFO ] 2019-05-08T12:25:20,867Z [main] internal.NodeWebServer.connectLocalRpcAsNodeUser - Connecting to node at localhost:10008 as User(user1, permissions=[ALL]) {}
[INFO ] 2019-05-08T12:25:20,940Z [main] internal.RPCClient.logElapsedTime - Startup took 72 msec {}
[WARN ] 2019-05-08T12:25:21,941Z [main] internal.config.defaultToOldPath - Config key user has been deprecated and will be removed in a future release. Use username instead {}
[INFO ] 2019-05-08T12:25:21,941Z [main] internal.NodeWebServer.connectLocalRpcAsNodeUser - Connecting to node at localhost:10008 as User(user1, permissions=[ALL]) {}
[INFO ] 2019-05-08T12:25:21,987Z [main] internal.RPCClient.logElapsedTime - Startup took 45 msec {}
[WARN ] 2019-05-08T12:25:22,988Z [main] internal.config.defaultToOldPath - Config key user has been deprecated and will be removed in a future release. Use username instead {}
[INFO ] 2019-05-08T12:25:22,989Z [main] internal.NodeWebServer.connectLocalRpcAsNodeUser - Connecting to node at localhost:10008 as User(user1, permissions=[ALL]) {}
[INFO ] 2019-05-08T12:25:23,026Z [main] internal.RPCClient.logElapsedTime - Startup took 36 msec {}
[WARN ] 2019-05-08T12:25:24,027Z [main] internal.config.defaultToOldPath - Config key user has been deprecated and will be removed in a future release. Use username instead {}
[INFO ] 2019-05-08T12:25:24,030Z [main] internal.NodeWebServer.connectLocalRpcAsNodeUser - Connecting to node at localhost:10008 as User(user1, permissions=[ALL]) {}
[INFO ] 2019-05-08T12:25:24,115Z [main] internal.RPCClient.logElapsedTime - Startup took 84 msec {}
[WARN ] 2019-05-08T12:25:25,116Z [main] internal.config.defaultToOldPath - Config key user has been deprecated and will be removed in a future release. Use username instead {}
[INFO ] 2019-05-08T12:25:25,117Z [main] internal.NodeWebServer.connectLocalRpcAsNodeUser - Connecting to node at localhost:10008 as User(user1, permissions=[ALL]) {}
[INFO ] 2019-05-08T12:25:25,194Z [main] internal.RPCClient.logElapsedTime - Startup took 76 msec {}
[WARN ] 2019-05-08T12:25:26,194Z [main] internal.config.defaultToOldPath - Config key user has been deprecated and will be removed in a future release. Use username instead {}
[INFO ] 2019-05-08T12:25:26,195Z [main] internal.NodeWebServer.connectLocalRpcAsNodeUser - Connecting to node at localhost:10008 as User(user1, permissions=[ALL]) {}
[INFO ] 2019-05-08T12:25:26,247Z [main] internal.RPCClient.logElapsedTime - Startup took 51 msec {}
[WARN ] 2019-05-08T12:25:27,248Z [main] internal.config.defaultToOldPath - Config key user has been deprecated and will be removed in a future release. Use username instead {}
[INFO ] 2019-05-08T12:25:27,248Z [main] internal.NodeWebServer.connectLocalRpcAsNodeUser - Connecting to node at localhost:10008 as User(user1, permissions=[ALL]) {}
[INFO ] 2019-05-08T12:25:27,298Z [main] internal.RPCClient.logElapsedTime - Startup took 49 msec {}
[WARN ] 2019-05-08T12:25:28,299Z [main] internal.config.defaultToOldPath - Config key user has been deprecated and will be removed in a future release. Use username instead {}
[INFO ] 2019-05-08T12:25:28,300Z [main] internal.NodeWebServer.connectLocalRpcAsNodeUser - Connecting to node at localhost:10008 as User(user1, permissions=[ALL]) {}
[INFO ] 2019-05-08T12:25:28,330Z [main] internal.RPCClient.logElapsedTime - Startup took 30 msec {}
[WARN ] 2019-05-08T12:25:29,332Z [main] internal.config.defaultToOldPath - Config key user has been deprecated and will be removed in a future release. Use username instead {}
[INFO ] 2019-05-08T12:25:29,333Z [main] internal.NodeWebServer.connectLocalRpcAsNodeUser - Connecting to node at localhost:10008 as User(user1, permissions=[ALL]) {}
[INFO ] 2019-05-08T12:25:29,398Z [main] internal.RPCClient.logElapsedTime - Startup took 64 msec {}
[WARN ] 2019-05-08T12:25:30,399Z [main] internal.config.defaultToOldPath - Config key user has been deprecated and will be removed in a future release. Use username instead {}
[INFO ] 2019-05-08T12:25:30,399Z [main] internal.NodeWebServer.connectLocalRpcAsNodeUser - Connecting to node at localhost:10008 as User(user1, permissions=[ALL]) {}
[INFO ] 2019-05-08T12:25:30,415Z [main] internal.RPCClient.logElapsedTime - Startup took 15 msec {}
[WARN ] 2019-05-08T12:25:31,416Z [main] internal.config.defaultToOldPath - Config key user has been deprecated and will be removed in a future release. Use username instead {}
[INFO ] 2019-05-08T12:25:31,417Z [main] internal.NodeWebServer.connectLocalRpcAsNodeUser - Connecting to node at localhost:10008 as User(user1, permissions=[ALL]) {}
[INFO ] 2019-05-08T12:25:31,458Z [main] internal.RPCClient.logElapsedTime - Startup took 40 msec {}
[WARN ] 2019-05-08T12:25:32,458Z [main] internal.config.defaultToOldPath - Config key user has been deprecated and will be removed in a future release. Use username instead {}
[INFO ] 2019-05-08T12:25:32,459Z [main] internal.NodeWebServer.connectLocalRpcAsNodeUser - Connecting to node at localhost:10008 as User(user1, permissions=[ALL]) {}
[INFO ] 2019-05-08T12:25:32,491Z [main] internal.RPCClient.logElapsedTime - Startup took 31 msec {}
[WARN ] 2019-05-08T12:25:33,492Z [main] internal.config.defaultToOldPath - Config key user has been deprecated and will be removed in a future release. Use username instead {}
[INFO ] 2019-05-08T12:25:33,493Z [main] internal.NodeWebServer.connectLocalRpcAsNodeUser - Connecting to node at localhost:10008 as User(user1, permissions=[ALL]) {}
[INFO ] 2019-05-08T12:25:33,496Z [main] internal.RPCClient.logElapsedTime - Startup took 3 msec {}
[WARN ] 2019-05-08T12:25:34,497Z [main] internal.config.defaultToOldPath - Config key user has been deprecated and will be removed in a future release. Use username instead {}
[INFO ] 2019-05-08T12:25:34,498Z [main] internal.NodeWebServer.connectLocalRpcAsNodeUser - Connecting to node at localhost:10008 as User(user1, permissions=[ALL]) {}
[INFO ] 2019-05-08T12:25:34,505Z [main] internal.RPCClient.logElapsedTime - Startup took 6 msec {}
[WARN ] 2019-05-08T12:25:35,506Z [main] internal.config.defaultToOldPath - Config key user has been deprecated and will be removed in a future release. Use username instead {}
[INFO ] 2019-05-08T12:25:35,507Z [main] internal.NodeWebServer.connectLocalRpcAsNodeUser - Connecting to node at localhost:10008 as User(user1, permissions=[ALL]) {}
[INFO ] 2019-05-08T12:25:35,509Z [main] internal.RPCClient.logElapsedTime - Startup took 2 msec {}
[WARN ] 2019-05-08T12:25:36,510Z [main] internal.config.defaultToOldPath - Config key user has been deprecated and will be removed in a future release. Use username instead {}
[INFO ] 2019-05-08T12:25:36,511Z [main] internal.NodeWebServer.connectLocalRpcAsNodeUser - Connecting to node at localhost:10008 as User(user1, permissions=[ALL]) {}
[INFO ] 2019-05-08T12:25:36,519Z [main] internal.RPCClient.logElapsedTime - Startup took 6 msec {}
[WARN ] 2019-05-08T12:25:37,520Z [main] internal.config.defaultToOldPath - Config key user has been deprecated and will be removed in a future release. Use username instead {}
[INFO ] 2019-05-08T12:25:37,521Z [main] internal.NodeWebServer.connectLocalRpcAsNodeUser - Connecting to node at localhost:10008 as User(user1, permissions=[ALL]) {}
[INFO ] 2019-05-08T12:25:37,529Z [main] internal.RPCClient.logElapsedTime - Startup took 6 msec {}
[WARN ] 2019-05-08T12:25:38,530Z [main] internal.config.defaultToOldPath - Config key user has been deprecated and will be removed in a future release. Use username instead {}
[INFO ] 2019-05-08T12:25:38,531Z [main] internal.NodeWebServer.connectLocalRpcAsNodeUser - Connecting to node at localhost:10008 as User(user1, permissions=[ALL]) {}
[INFO ] 2019-05-08T12:25:38,540Z [main] internal.RPCClient.logElapsedTime - Startup took 7 msec {}
[WARN ] 2019-05-08T12:25:39,541Z [main] internal.config.defaultToOldPath - Config key user has been deprecated and will be removed in a future release. Use username instead {}
[INFO ] 2019-05-08T12:25:39,541Z [main] internal.NodeWebServer.connectLocalRpcAsNodeUser - Connecting to node at localhost:10008 as User(user1, permissions=[ALL]) {}
[INFO ] 2019-05-08T12:25:39,552Z [main] internal.RPCClient.logElapsedTime - Startup took 10 msec {}
[WARN ] 2019-05-08T12:25:40,553Z [main] internal.config.defaultToOldPath - Config key user has been deprecated and will be removed in a future release. Use username instead {}
[INFO ] 2019-05-08T12:25:40,553Z [main] internal.NodeWebServer.connectLocalRpcAsNodeUser - Connecting to node at localhost:10008 as User(user1, permissions=[ALL]) {}
[INFO ] 2019-05-08T12:25:52,418Z [main] internal.RPCClient.logElapsedTime - Startup took 11864 msec {}
[INFO ] 2019-05-08T12:25:52,551Z [main] util.log.initialized - Logging initialized @57549ms to org.eclipse.jetty.util.log.Slf4jLog {}
[INFO ] 2019-05-08T12:25:54,690Z [main] internal.NodeWebServer.buildServletContextHandler - Add plugin web API from attachment com.example.plugin.ExamplePluginKt$sam$Function$cf487d2c@64186f60 {}
[INFO ] 2019-05-08T12:25:57,288Z [main] server.Server.doStart - jetty-9.4.7.v20170914 {}
[INFO ] 2019-05-08T12:26:00,524Z [main] handler.ContextHandler.doStart - Started o.e.j.s.ServletContextHandler@655d5285{/,null,AVAILABLE} {}
[INFO ] 2019-05-08T12:26:00,770Z [main] server.AbstractConnector.doStart - Started ServerConnector@32db94fb{HTTP/1.1,[http/1.1]}{0.0.0.0:10009} {}
[INFO ] 2019-05-08T12:26:00,772Z [main] server.Server.doStart - Started @65783ms {}
[INFO ] 2019-05-08T12:26:00,773Z [main] internal.NodeWebServer.initWebServer - Starting webserver on address localhost:10009 {}
